
SQL*Loader: Release 21.0.0.0.0 - Production on Wed May 28 10:54:12 2025
Version 21.3.0.0.0

Copyright (c) 1982, 2021, Oracle and/or its affiliates.  All rights reserved.

Control File:   c1.ctl
Data File:      c1.ctl
  Bad File:     c1.bad
  Discard File:  none specified
 
 (Allow all discards)

Number to load: ALL
Number to skip: 0
Errors allowed: 50
Bind array:     250 rows, maximum of 1048576 bytes
Continuation:    none specified
Path used:      Conventional

Table SYS.EMP, loaded from every logical record.
Insert option in effect for this table: APPEND

   Column Name                  Position   Len  Term Encl Datatype
------------------------------ ---------- ----- ---- ---- ---------------------
EMPNO                               FIRST     *   ,       CHARACTER            
EMPNAME                              NEXT     *   ,       CHARACTER            
SALARY                               NEXT     *   ,       CHARACTER            

Record 1: Rejected - Error on table SYS.EMP, column EMPNO.
Column not found before end of logical record (use TRAILING NULLCOLS)

Table SYS.EMP:
  3 Rows successfully loaded.
  1 Row not loaded due to data errors.
  0 Rows not loaded because all WHEN clauses were failed.
  0 Rows not loaded because all fields were null.


Space allocated for bind array:                 193500 bytes(250 rows)
Read   buffer bytes: 1048576

Total logical records skipped:          0
Total logical records read:             4
Total logical records rejected:         1
Total logical records discarded:        0

Run began on Wed May 28 10:54:12 2025
Run ended on Wed May 28 10:54:12 2025

Elapsed time was:     00:00:00.18
CPU time was:         00:00:00.01
