
SQL*Loader: Release 21.0.0.0.0 - Production on Tue Jun 3 14:31:31 2025
Version 21.3.0.0.0

Copyright (c) 1982, 2021, Oracle and/or its affiliates.  All rights reserved.

Control File:   c2.ctl
Data File:      c2.ctl
  Bad File:     c2.bad
  Discard File:  none specified
 
 (Allow all discards)

Number to load: ALL
Number to skip: 0
Errors allowed: 50
Bind array:     250 rows, maximum of 1048576 bytes
Continuation:    none specified
Path used:      Conventional

Table SYS.COMPANY, loaded from every logical record.
Insert option in effect for this table: INSERT
TRAILING NULLCOLS option in effect

   Column Name                  Position   Len  Term Encl Datatype
------------------------------ ---------- ----- ---- ---- ---------------------
COMPANYNAME                         FIRST     *   ,       CHARACTER            
COMPANYNO                            NEXT     *   ,       CHARACTER            
CDATE                                NEXT     *   ,       CHARACTER            
    SQL string for column : "SYSDATE"


Table SYS.COMPANY:
  3 Rows successfully loaded.
  0 Rows not loaded due to data errors.
  0 Rows not loaded because all WHEN clauses were failed.
  0 Rows not loaded because all fields were null.


Space allocated for bind array:                 193500 bytes(250 rows)
Read   buffer bytes: 1048576

Total logical records skipped:          0
Total logical records read:             3
Total logical records rejected:         0
Total logical records discarded:        0

Run began on Tue Jun 03 14:31:31 2025
Run ended on Tue Jun 03 14:31:32 2025

Elapsed time was:     00:00:00.20
CPU time was:         00:00:00.03
