
SQL*Loader: Release 21.0.0.0.0 - Production on Mon Jun 9 14:33:35 2025
Version 21.3.0.0.0

Copyright (c) 1982, 2021, Oracle and/or its affiliates.  All rights reserved.

Control File:   comment_trunacate_date_format.ctl
Data File:      D:\Sami_Oracle\sql_loader\dataFile2.csv
  Bad File:     D:\Sami_Oracle\sql_loader\comment_trunacate_date_format.bad
  Discard File:  none specified
 
 (Allow all discards)

Number to load: ALL
Number to skip: 0
Errors allowed: 50
Bind array:     250 rows, maximum of 1048576 bytes
Continuation:    none specified
Path used:      Conventional

Table SYS.CAR, loaded from every logical record.
Insert option in effect for this table: APPEND
TRAILING NULLCOLS option in effect

   Column Name                  Position   Len  Term Encl Datatype
------------------------------ ---------- ----- ---- ---- ---------------------
CARNAME                                 1     *   ,       CHARACTER            
    SQL string for column : "TRIM(SUBSTR(:CARNAME,1,5))"
CARNO                                NEXT     *   ,       CHARACTER            
CDATE                                NEXT     *   ,       CHARACTER            
    SQL string for column : "TO_DATE('05/04/72','MM/DD/YY')"


Table SYS.CAR:
  3 Rows successfully loaded.
  0 Rows not loaded due to data errors.
  0 Rows not loaded because all WHEN clauses were failed.
  0 Rows not loaded because all fields were null.


Space allocated for bind array:                 193500 bytes(250 rows)
Read   buffer bytes: 1048576

Total logical records skipped:          0
Total logical records read:             3
Total logical records rejected:         0
Total logical records discarded:        0

Run began on Mon Jun 09 14:33:35 2025
Run ended on Mon Jun 09 14:33:35 2025

Elapsed time was:     00:00:00.17
CPU time was:         00:00:00.03
