
SQL*Loader: Release 21.0.0.0.0 - Production on Tue Jun 10 15:26:13 2025
Version 21.3.0.0.0

Copyright (c) 1982, 2021, Oracle and/or its affiliates.  All rights reserved.

Control File:   practice1.ctl
Data File:      D:\Sami_Oracle\sql_loader\dataFile3.txt
  Bad File:     D:\Sami_Oracle\sql_loader\practice1.bad
  Discard File:  none specified
 
 (Allow all discards)

Number to load: ALL
Number to skip: 0
Errors allowed: 50
Bind array:     250 rows, maximum of 1048576 bytes
Continuation:    none specified
Path used:      Conventional

Table SYS.CAR, loaded from every logical record.
Insert option in effect for this table: APPEND
TRAILING NULLCOLS option in effect

   Column Name                  Position   Len  Term Encl Datatype
------------------------------ ---------- ----- ---- ---- ---------------------
CARNAME                               1:8     8   ,       CHARACTER            
    NULL if CARNAME = BLANKS
CARNO                               11:12     2   ,       CHARACTER            
    NULL if CARNO = BLANKS
CDATE                                NEXT     *   ,       CHARACTER            
    SQL string for column : "TO_DATE('05/04/72','MM/DD/YY')"


Table SYS.CAR:
  3 Rows successfully loaded.
  0 Rows not loaded due to data errors.
  0 Rows not loaded because all WHEN clauses were failed.
  0 Rows not loaded because all fields were null.


Space allocated for bind array:                  68000 bytes(250 rows)
Read   buffer bytes: 1048576

Total logical records skipped:          0
Total logical records read:             3
Total logical records rejected:         0
Total logical records discarded:        0

Run began on Tue Jun 10 15:26:13 2025
Run ended on Tue Jun 10 15:26:14 2025

Elapsed time was:     00:00:00.19
CPU time was:         00:00:00.00
